<?xml version="1.0" encoding="UTF-8"?>
<!-- Generated by org.testng.reporters.JUnitXMLReporter -->
<testsuite ignored="0" hostname="MA-L-510592" failures="0" tests="7" name="Default test" time="589.382" errors="0" timestamp="2026-04-17T16:22:25 WEST">
  <testcase classname="test.EndToEnd2Test" name="step01_fillRequisition" time="10.576"/>
  <testcase classname="test.EndToEnd2Test" name="step02_submitForApproval" time="63.012"/>
  <testcase classname="test.EndToEnd2Test" name="step03_approver1" time="26.765"/>
  <testcase classname="test.EndToEnd2Test" name="step04_approver2" time="25.216"/>
  <testcase classname="test.EndToEnd2Test" name="step05_approver3" time="32.712"/>
  <testcase classname="test.EndToEnd2Test" name="step06_goodReceipt" time="22.049"/>
  <testcase classname="test.EndToEnd2Test" name="step07_invoice" time="395.618"/>
</testsuite> <!-- Default test -->
