<?xml version="1.0" encoding="UTF-8"?>
<testng-results ignored="0" total="1" passed="1" failed="0" skipped="0">
  <reporter-output>
  </reporter-output>
  <suite started-at="2026-04-09T16:17:04 WEST" name="Default suite" finished-at="2026-04-09T16:17:04 WEST" duration-ms="423">
    <groups>
    </groups>
    <test started-at="2026-04-09T16:17:04 WEST" name="Default test" finished-at="2026-04-09T16:17:04 WEST" duration-ms="423">
      <class name="pages.E2E.EndToEnd2.MainTest">
        <test-method is-config="true" signature="initSuite()[pri:0, instance:pages.E2E.EndToEnd2.MainTest@19fb8826]" started-at="2026-04-09T16:17:04 WEST" name="initSuite" finished-at="2026-04-09T16:17:04 WEST" duration-ms="149" status="PASS">
          <reporter-output>
          </reporter-output>
        </test-method> <!-- initSuite -->
        <test-method signature="testCoupaFlow()[pri:0, instance:pages.E2E.EndToEnd2.MainTest@19fb8826]" started-at="2026-04-09T16:17:04 WEST" name="testCoupaFlow" finished-at="2026-04-09T16:17:04 WEST" duration-ms="12" status="PASS">
          <reporter-output>
          </reporter-output>
        </test-method> <!-- testCoupaFlow -->
        <test-method is-config="true" signature="captureResultOnFailure(org.testng.ITestResult)[pri:0, instance:pages.E2E.EndToEnd2.MainTest@19fb8826]" started-at="2026-04-09T16:17:04 WEST" name="captureResultOnFailure" finished-at="2026-04-09T16:17:04 WEST" duration-ms="3" status="PASS">
          <params>
            <param index="0">
              <value>
                <![CDATA[[TestResult name=testCoupaFlow status=SUCCESS method=MainTest.testCoupaFlow()[pri:0, instance:pages.E2E.EndToEnd2.MainTest@19fb8826] output={null}]]]>
              </value>
            </param>
          </params>
          <reporter-output>
          </reporter-output>
        </test-method> <!-- captureResultOnFailure -->
        <test-method is-config="true" signature="closeSuite()[pri:0, instance:pages.E2E.EndToEnd2.MainTest@19fb8826]" started-at="2026-04-09T16:17:04 WEST" name="closeSuite" finished-at="2026-04-09T16:17:04 WEST" duration-ms="221" status="PASS">
          <reporter-output>
          </reporter-output>
        </test-method> <!-- closeSuite -->
      </class> <!-- pages.E2E.EndToEnd2.MainTest -->
    </test> <!-- Default test -->
  </suite> <!-- Default suite -->
</testng-results>
