<?xml version="1.0" encoding="UTF-8"?>
<!-- Generated by org.testng.reporters.JUnitReportReporter -->
<testsuite hostname="MA-L-510592" failures="0" tests="7" name="test.EndToEnd2Test" time="575.959" errors="0" timestamp="2026-04-17T16:22:25 WEST" skipped="0">
  <testcase classname="test.EndToEnd2Test" name="step01_fillRequisition" time="10.582"/>
  <testcase classname="test.EndToEnd2Test" name="step03_approver1" time="26.766"/>
  <testcase classname="test.EndToEnd2Test" name="step05_approver3" time="32.712"/>
  <testcase classname="test.EndToEnd2Test" name="step02_submitForApproval" time="63.013"/>
  <testcase classname="test.EndToEnd2Test" name="step07_invoice" time="395.619"/>
  <testcase classname="test.EndToEnd2Test" name="step04_approver2" time="25.217"/>
  <testcase classname="test.EndToEnd2Test" name="step06_goodReceipt" time="22.050"/>
</testsuite> <!-- test.EndToEnd2Test -->
