<?xml version="1.0" encoding="UTF-8"?>
<!-- Generated by org.testng.reporters.JUnitReportReporter -->
<testsuite hostname="MA-L-510592" failures="0" tests="7" name="test.EndToEnd2Test" time="388.509" errors="0" timestamp="2026-04-17T14:58:52 WEST" skipped="0">
  <testcase classname="test.EndToEnd2Test" name="step01_fillRequisition" time="16.629"/>
  <testcase classname="test.EndToEnd2Test" name="step02_submitForApproval" time="62.301"/>
  <testcase classname="test.EndToEnd2Test" name="step07_invoice" time="200.872"/>
  <testcase classname="test.EndToEnd2Test" name="step04_approver2" time="25.338"/>
  <testcase classname="test.EndToEnd2Test" name="step03_approver1" time="31.587"/>
  <testcase classname="test.EndToEnd2Test" name="step06_goodReceipt" time="21.013"/>
  <testcase classname="test.EndToEnd2Test" name="step05_approver3" time="30.769"/>
</testsuite> <!-- test.EndToEnd2Test -->
